2026-05-01 20:08:25,115 [INFO] ==================================================
2026-05-01 20:08:25,115 [INFO] Iniciando extracción — 01/05/2026 20:08:25
2026-05-01 20:08:25,115 [INFO] ==================================================
2026-05-01 20:08:25,187 [INFO] ====== WebDriver manager ======
2026-05-01 20:08:27,493 [INFO] Get LATEST chromedriver version for google-chrome
2026-05-01 20:08:28,372 [INFO] Get LATEST chromedriver version for google-chrome
2026-05-01 20:08:29,058 [INFO] Get LATEST chromedriver version for google-chrome
2026-05-01 20:08:30,650 [INFO] WebDriver version 147.0.7727.117 selected
2026-05-01 20:08:30,659 [INFO] Modern chrome version https://storage.googleapis.com/chrome-for-testing-public/147.0.7727.117/win32/chromedriver-win32.zip
2026-05-01 20:08:30,659 [INFO] About to download new driver from https://storage.googleapis.com/chrome-for-testing-public/147.0.7727.117/win32/chromedriver-win32.zip
2026-05-01 20:08:31,320 [INFO] Driver downloading response is 200
2026-05-01 20:08:32,460 [INFO] Get LATEST chromedriver version for google-chrome
2026-05-01 20:08:33,310 [INFO] Driver has been saved in cache [C:\Users\joice\.wdm\drivers\chromedriver\win64\147.0.7727.117]
2026-05-01 20:08:35,197 [INFO] Navegando a Invas...
2026-05-01 20:08:40,872 [INFO] Login detectado...
2026-05-01 20:08:47,172 [INFO] Esperando carga...
2026-05-01 20:08:59,379 [INFO] Texto de página extraído.
2026-05-01 20:08:59,408 [INFO]   KPI: TOTAL_ASN_HOY = 0
2026-05-01 20:08:59,419 [INFO]   KPI: TOTAL_TAREAS_TERMINADAS_HOY = 0
2026-05-01 20:08:59,430 [INFO]   KPI: CUMPLIMIENTO_ON_TIME_MES_ACTUAL = CUMPLIMIENTO OPERACIONAL MES EN CURSO - BODEGA SANTIAGO
2026-05-01 20:09:00,229 [INFO]   Tabla ocupación: 10 filas
2026-05-01 20:09:00,238 [INFO] datos.json guardado en .\datos.json
2026-05-01 20:09:00,239 [INFO] Extracción completada exitosamente.
2026-05-01 20:17:21,250 [INFO] ==================================================
2026-05-01 20:17:21,250 [INFO] Iniciando extracción — 01/05/2026 20:17:21
2026-05-01 20:17:21,251 [INFO] ==================================================
2026-05-01 20:17:21,327 [INFO] ====== WebDriver manager ======
2026-05-01 20:17:23,316 [INFO] Get LATEST chromedriver version for google-chrome
2026-05-01 20:17:24,007 [INFO] Get LATEST chromedriver version for google-chrome
2026-05-01 20:17:24,624 [INFO] Driver [C:\Users\joice\.wdm\drivers\chromedriver\win64\147.0.7727.117\chromedriver-win32/chromedriver.exe] found in cache
2026-05-01 20:17:26,139 [INFO] Navegando a Invas...
2026-05-01 20:17:32,203 [INFO] Login detectado...
2026-05-01 20:17:38,479 [INFO] Esperando carga...
2026-05-01 20:17:51,629 [INFO]   KPI: TOTAL_ASN_HOY = 0
2026-05-01 20:17:51,642 [INFO]   KPI: TOTAL_TAREAS_TERMINADAS_HOY = 0
2026-05-01 20:17:51,655 [INFO]   KPI: CUMPLIMIENTO_ON_TIME_MES_ACTUAL = CUMPLIMIENTO OPERACIONAL MES EN CURSO - BODEGA SANTIAGO
2026-05-01 20:17:51,731 [INFO]   Gráfico 'TAREAS POR DÍA MES EN CURSO': 0 puntos
2026-05-01 20:17:51,826 [INFO]   Gráfico 'CUMPLIMIENTO OPERACIONAL': 5 puntos
2026-05-01 20:17:51,947 [INFO]   Gráfico 'TAREAS DE PICKING MENSUALES': 4 puntos
2026-05-01 20:17:52,096 [INFO]   Gráfico 'PROMEDIO MENSUAL TAREAS PICKING POR RUTA': 12 puntos
2026-05-01 20:17:52,277 [INFO]   Gráfico 'LISTAS DE PICKING DESPACHADAS POR MES': 5 puntos
2026-05-01 20:17:53,005 [INFO]   Tabla ocupación: 10 filas
2026-05-01 20:17:53,012 [INFO] datos.json guardado — .\datos.json
2026-05-01 20:17:53,013 [INFO] Extracción completada exitosamente.
2026-05-04 09:28:45,941 [INFO] ==================================================
2026-05-04 09:28:45,942 [INFO] Iniciando extracción — 04/05/2026 09:28:45
2026-05-04 09:28:45,943 [INFO] ==================================================
2026-05-04 09:28:46,035 [INFO] ====== WebDriver manager ======
2026-05-04 09:28:47,358 [INFO] Get LATEST chromedriver version for google-chrome
2026-05-04 09:28:47,999 [INFO] Get LATEST chromedriver version for google-chrome
2026-05-04 09:28:48,413 [INFO] Get LATEST chromedriver version for google-chrome
2026-05-04 09:28:50,278 [INFO] WebDriver version 147.0.7727.117 selected
2026-05-04 09:28:50,282 [INFO] Modern chrome version https://storage.googleapis.com/chrome-for-testing-public/147.0.7727.117/win32/chromedriver-win32.zip
2026-05-04 09:28:50,283 [INFO] About to download new driver from https://storage.googleapis.com/chrome-for-testing-public/147.0.7727.117/win32/chromedriver-win32.zip
2026-05-04 09:28:50,669 [INFO] Driver downloading response is 200
2026-05-04 09:28:52,481 [INFO] Get LATEST chromedriver version for google-chrome
2026-05-04 09:28:53,023 [INFO] Driver has been saved in cache [C:\Users\joice\.wdm\drivers\chromedriver\win64\147.0.7727.117]
2026-05-04 09:28:54,452 [INFO] Navegando a Invas...
2026-05-04 09:28:59,809 [INFO] Login detectado...
2026-05-04 09:29:05,971 [INFO] Esperando carga completa...
2026-05-04 09:29:24,064 [INFO] Carga completada.
2026-05-04 09:29:24,096 [INFO]   KPI: TOTAL_ASN_HOY = 0
2026-05-04 09:29:24,104 [INFO]   KPI: TOTAL_TAREAS_TERMINADAS_HOY = 9
2026-05-04 09:29:24,110 [INFO]   KPI: CUMPLIMIENTO_ON_TIME_MES_ACTUAL = 80.0 %
2026-05-04 09:29:24,167 [INFO]   'TAREAS POR DÍA MES EN CURSO': 1 puntos → ['04-05 (9)04-05']
2026-05-04 09:29:24,240 [INFO]   'CUMPLIMIENTO OPERACIONAL': 4 puntos → ['FEB (93.9%)FEB', 'MAR (85.2%)MAR', 'ABR (86.9%)ABR', 'MAY (80.0%)MAY']
2026-05-04 09:29:24,331 [INFO]   'TAREAS DE PICKING MENSUALES': 5 puntos → ['ENE (3388)ENE', 'FEB (2168)FEB', 'MAR (2799)MAR', 'ABR (3828)ABR', 'MAY (9)MAY']
2026-05-04 09:29:24,438 [INFO]   'PROMEDIO MENSUAL TAREAS PICKING POR RUTA': 8 puntos → ['CONSOLIDADO (1551)CONSOLIDADO', 'SITRANS (402)SITRANS', 'AGUNSA (394)AGUNSA', 'ESTAFETA (335)ESTAFETA', 'ENEA-FINNING (69)ENEA-FINNING', 'REPOSICION (44)REPOSICION', 'SQM_MRP (3)SQM_MRP', 'VARMONTT (1)VARMONTT']
2026-05-04 09:29:24,567 [INFO]   'LISTAS DE PICKING DESPACHADAS POR MES': 5 puntos → ['ENE (1220)ENE', 'FEB (968)FEB', 'MAR (1169)MAR', 'ABR (1487)ABR', 'MAY (5)MAY']
2026-05-04 09:29:24,958 [INFO]   Tabla ocupación: 10 filas
2026-05-04 09:29:24,963 [INFO] datos.json guardado.
2026-05-04 09:29:24,963 [INFO] Extracción completada exitosamente.
2026-05-04 09:57:51,381 [INFO] ==================================================
2026-05-04 09:57:51,381 [INFO] Iniciando extracción — 04/05/2026 09:57:51
2026-05-04 09:57:51,381 [INFO] ==================================================
2026-05-04 09:57:51,424 [INFO] ====== WebDriver manager ======
2026-05-04 09:57:52,643 [INFO] Get LATEST chromedriver version for google-chrome
2026-05-04 09:57:53,071 [INFO] Get LATEST chromedriver version for google-chrome
2026-05-04 09:57:53,487 [INFO] Driver [C:\Users\joice\.wdm\drivers\chromedriver\win64\147.0.7727.117\chromedriver-win32/chromedriver.exe] found in cache
2026-05-04 09:57:54,613 [INFO] Navegando a Invas...
2026-05-04 09:58:00,293 [INFO] Login detectado...
2026-05-04 09:58:06,455 [INFO] Esperando carga completa...
2026-05-04 09:58:24,572 [INFO] Carga completada.
2026-05-04 09:58:24,609 [INFO]   KPI: TOTAL_ASN_HOY = 0
2026-05-04 09:58:24,618 [INFO]   KPI: TOTAL_TAREAS_TERMINADAS_HOY = 25
2026-05-04 09:58:24,626 [INFO]   KPI: CUMPLIMIENTO_ON_TIME_MES_ACTUAL = 87.5 %
2026-05-04 09:58:24,682 [INFO]   'TAREAS POR DÍA MES EN CURSO': 1 puntos → ['04-05 (25)04-05']
2026-05-04 09:58:24,748 [INFO]   'CUMPLIMIENTO OPERACIONAL': 0 puntos → []
2026-05-04 09:58:24,833 [INFO]   'TAREAS DE PICKING MENSUALES': 5 puntos → ['ENE (3388)ENE', 'FEB (2168)FEB', 'MAR (2799)MAR', 'ABR (3828)ABR', 'MAY (25)MAY']
2026-05-04 09:58:24,944 [INFO]   'PROMEDIO MENSUAL TAREAS PICKING POR RUTA': 8 puntos → ['CONSOLIDADO (1551)CONSOLIDADO', 'SITRANS (402)SITRANS', 'AGUNSA (394)AGUNSA', 'ESTAFETA (335)ESTAFETA', 'ENEA-FINNING (69)ENEA-FINNING', 'REPOSICION (44)REPOSICION', 'SQM_MRP (3)SQM_MRP', 'VARMONTT (1)VARMONTT']
2026-05-04 09:58:25,074 [INFO]   'LISTAS DE PICKING DESPACHADAS POR MES': 5 puntos → ['ENE (1220)ENE', 'FEB (968)FEB', 'MAR (1169)MAR', 'ABR (1487)ABR', 'MAY (8)MAY']
2026-05-04 09:58:25,461 [INFO]   Tabla ocupación: 10 filas
2026-05-04 09:58:25,467 [INFO] datos.json guardado.
2026-05-04 09:58:25,467 [INFO] Extracción completada exitosamente.
